<?xml version="1.0" encoding="UTF-8"?>
<!-- Generated by org.testng.reporters.JUnitReportReporter -->
<testsuite hostname="DESKTOP-882I9VE" failures="0" tests="1" name="Seleniumtestng.Robortclsprblm" time="7.917" errors="0" timestamp="2023-12-05T15:41:11 IST" skipped="0">
  <testcase classname="Seleniumtestng.Robortclsprblm" name="fileupload" time="7.917"/>
  <system-out/>
</testsuite> <!-- Seleniumtestng.Robortclsprblm -->
