<?xml version="1.0" encoding="UTF-8"?>
<!-- Generated by org.testng.reporters.JUnitReportReporter -->
<testsuite hostname="DESKTOP-882I9VE" failures="0" tests="1" name="test.Fbdatadriven" time="14.931" errors="0" timestamp="2023-12-11T17:15:14 IST" skipped="0">
  <testcase classname="test.Fbdatadriven" name="login" time="14.931"/>
  <system-out/>
</testsuite> <!-- test.Fbdatadriven -->
