<?xml version="1.0" encoding="UTF-8"?>
<!-- Generated by org.testng.reporters.JUnitReportReporter -->
<testsuite hostname="DESKTOP-882I9VE" failures="0" tests="1" name="test.Fbcreatetest" time="3.651" errors="0" timestamp="2023-12-08T15:36:57 IST" skipped="0">
  <testcase classname="test.Fbcreatetest" name="test" time="3.651"/>
  <system-out/>
</testsuite> <!-- test.Fbcreatetest -->
