<?xml version="1.0" encoding="UTF-8"?>
<!-- Generated by org.testng.reporters.JUnitReportReporter -->
<testsuite hostname="DESKTOP-882I9VE" failures="0" tests="1" name="Seleniumtestng.Datepickernew" time="2.309" errors="0" timestamp="2023-12-14T15:46:09 IST" skipped="0">
  <testcase classname="Seleniumtestng.Datepickernew" name="datepicker" time="2.309"/>
  <system-out/>
</testsuite> <!-- Seleniumtestng.Datepickernew -->
