<?xml version="1.0" encoding="UTF-8"?>
<!-- Generated by org.testng.reporters.JUnitReportReporter -->
<testsuite hostname="DESKTOP-882I9VE" failures="0" tests="1" name="Seleniumtestng.Newxmlgoogle" time="0.477" errors="0" timestamp="2023-11-24T16:03:41 IST" skipped="0">
  <testcase classname="Seleniumtestng.Newxmlgoogle" name="test" time="0.477"/>
  <system-out/>
</testsuite> <!-- Seleniumtestng.Newxmlgoogle -->
