<?xml version="1.0" encoding="UTF-8"?>
<!-- Generated by org.testng.reporters.JUnitReportReporter -->
<testsuite hostname="DESKTOP-882I9VE" failures="0" tests="1" name="test.Rediffmailtest" time="2.297" errors="0" timestamp="2023-12-08T19:26:52 IST" skipped="0">
  <testcase classname="test.Rediffmailtest" name="test" time="2.297"/>
  <system-out/>
</testsuite> <!-- test.Rediffmailtest -->
