<?xml version="1.0" encoding="UTF-8"?>
<!-- Generated by org.testng.reporters.JUnitReportReporter -->
<testsuite hostname="DESKTOP-882I9VE" failures="0" tests="1" name="Seleniumtestng.Newxmltocls" time="0.006" errors="0" timestamp="2023-11-24T15:50:26 IST" skipped="0">
  <testcase classname="Seleniumtestng.Newxmltocls" name="testtt" time="0.006"/>
  <system-out/>
</testsuite> <!-- Seleniumtestng.Newxmltocls -->
