<?xml version="1.0" encoding="UTF-8"?>
<!-- Generated by org.testng.reporters.JUnitReportReporter -->
<testsuite hostname="DESKTOP-882I9VE" failures="0" tests="1" name="Seleniumtestng.Assertionsproblem" time="0.031" errors="0" timestamp="2023-12-06T15:56:06 IST" skipped="0">
  <testcase classname="Seleniumtestng.Assertionsproblem" name="test" time="0.031"/>
  <system-out/>
</testsuite> <!-- Seleniumtestng.Assertionsproblem -->
