<?xml version="1.0" encoding="UTF-8"?>
<!-- Generated by org.testng.reporters.JUnitReportReporter -->
<testsuite hostname="DESKTOP-882I9VE" failures="0" tests="3" name="Seleniumtestng.Newxmlproblem" time="0.011" errors="0" timestamp="2023-11-24T15:06:52 IST" skipped="0">
  <testcase classname="Seleniumtestng.Newxmlproblem" name="test1" time="0.009"/>
  <system-out/>
  <testcase classname="Seleniumtestng.Newxmlproblem" name="test2" time="0.001"/>
  <system-out/>
  <testcase classname="Seleniumtestng.Newxmlproblem" name="test4" time="0.001"/>
  <system-out/>
</testsuite> <!-- Seleniumtestng.Newxmlproblem -->
