<?xml version="1.0" encoding="UTF-8"?>
<!-- Generated by org.testng.reporters.JUnitReportReporter -->
<testsuite hostname="DESKTOP-882I9VE" failures="0" tests="2" name="Seleniumtestng.Newproblem" time="0.009" errors="0" timestamp="2023-11-24T16:41:14 IST" skipped="0">
  <testcase classname="Seleniumtestng.Newproblem" name="test2" time="0.002"/>
  <system-out/>
  <testcase classname="Seleniumtestng.Newproblem" name="test1" time="0.007"/>
  <system-out/>
</testsuite> <!-- Seleniumtestng.Newproblem -->
