<?xml version="1.0" encoding="UTF-8"?>
<!-- Generated by org.testng.reporters.JUnitReportReporter -->
<testsuite hostname="DESKTOP-882I9VE" failures="0" tests="1" name="Seleniumtestng.Draganddrop" time="0.456" errors="0" timestamp="2023-11-29T17:32:37 IST" skipped="0">
  <testcase classname="Seleniumtestng.Draganddrop" name="testt" time="0.456"/>
  <system-out/>
</testsuite> <!-- Seleniumtestng.Draganddrop -->
