<?xml version="1.0" encoding="UTF-8"?>
<!-- Generated by org.testng.reporters.JUnitReportReporter -->
<testsuite hostname="DESKTOP-882I9VE" failures="0" tests="1" name="Seleniumtestng.Logoverification" time="0.463" errors="0" timestamp="2024-01-14T11:03:50 IST" skipped="0">
  <testcase classname="Seleniumtestng.Logoverification" name="test" time="0.463"/>
  <system-out/>
</testsuite> <!-- Seleniumtestng.Logoverification -->
