<?xml version="1.0" encoding="UTF-8"?>
<!-- Generated by org.testng.reporters.JUnitReportReporter -->
<testsuite hostname="DESKTOP-882I9VE" failures="0" tests="1" name="Seleniumtestng.Newgoogle" time="0.103" errors="0" timestamp="2023-11-24T16:39:41 IST" skipped="0">
  <testcase classname="Seleniumtestng.Newgoogle" name="testt" time="0.103"/>
  <system-out/>
</testsuite> <!-- Seleniumtestng.Newgoogle -->
