<?xml version="1.0" encoding="UTF-8"?>
<!-- Generated by org.testng.reporters.JUnitReportReporter -->
<testsuite hostname="DESKTOP-882I9VE" failures="0" tests="1" name="test.Maintest" time="0.276" errors="0" timestamp="2024-01-14T10:34:40 IST" skipped="0">
  <testcase classname="test.Maintest" name="test" time="0.276"/>
  <system-out/>
</testsuite> <!-- test.Maintest -->
