<?xml version="1.0" encoding="UTF-8"?>
<!-- Generated by org.testng.reporters.JUnitReportReporter -->
<testsuite hostname="DESKTOP-882I9VE" failures="0" tests="1" name="Seleniumtestng.Actionclassnew" time="0.785" errors="0" timestamp="2023-12-06T21:44:53 IST" skipped="0">
  <testcase classname="Seleniumtestng.Actionclassnew" name="testtt" time="0.785"/>
  <system-out/>
</testsuite> <!-- Seleniumtestng.Actionclassnew -->
