<?xml version="1.0" encoding="UTF-8"?>
<!-- Generated by org.testng.reporters.JUnitReportReporter -->
<testsuite hostname="DESKTOP-882I9VE" failures="0" tests="1" name="Seleniumtestng.Ebaysiteproblem" time="4.061" errors="0" timestamp="2023-12-01T16:18:03 IST" skipped="0">
  <testcase classname="Seleniumtestng.Ebaysiteproblem" name="testt" time="4.061"/>
  <system-out/>
</testsuite> <!-- Seleniumtestng.Ebaysiteproblem -->
