<?xml version="1.0" encoding="UTF-8"?>
<!-- Generated by org.testng.reporters.JUnitReportReporter -->
<testsuite hostname="DESKTOP-882I9VE" failures="0" tests="1" name="test.Indiagvrmttest" time="2.041" errors="0" timestamp="2024-01-16T23:14:07 IST" skipped="0">
  <testcase classname="test.Indiagvrmttest" name="test" time="2.041"/>
  <system-out/>
</testsuite> <!-- test.Indiagvrmttest -->
