<?xml version="1.0" encoding="UTF-8"?>
<!-- Generated by org.testng.reporters.JUnitReportReporter -->
<testsuite hostname="DESKTOP-882I9VE" failures="0" tests="4" name="test.Indiagovttest" time="7.095" errors="0" timestamp="2024-01-16T23:26:24 IST" skipped="0">
  <testcase classname="test.Indiagovttest" name="test2" time="1.545"/>
  <system-out/>
  <testcase classname="test.Indiagovttest" name="test1" time="0.430"/>
  <system-out/>
  <testcase classname="test.Indiagovttest" name="test" time="3.380"/>
  <system-out/>
  <testcase classname="test.Indiagovttest" name="test3" time="1.740"/>
  <system-out/>
</testsuite> <!-- test.Indiagovttest -->
